<?xml version="1.0" encoding="UTF-8"?>
<!-- Generated by org.testng.reporters.JUnitXMLReporter -->
<testsuite hostname="maya10" ignored="0" name="Test" tests="15" failures="3" timestamp="28 Jan 2020 21:11:06 GMT" time="347.272" errors="0">
  <testcase name="t01_analyzeProjects" time="20.735" classname="tests.AnalyticsTest">
    <failure type="java.lang.AssertionError" message="expected [14] but found [15]">
      <![CDATA[java.lang.AssertionError: expected [14] but found [15]
at tests.AnalyticsTest.t01_analyzeProjects(AnalyticsTest.java:30)
... Removed 35 stack frames]]>
    </failure>
  </testcase> <!-- t01_analyzeProjects -->
  <testcase name="t02_analyzePublished" time="0.02" classname="tests.AnalyticsTest">
    <failure type="org.openqa.selenium.NoSuchElementException" message="no such element: Unable to locate element: {&amp;quot;method&amp;quot;:&amp;quot;css selector&amp;quot;,&amp;quot;selector&amp;quot;:&amp;quot;.login&amp;quot;}
  (Session info: chrome=79.0.3945.130)
For documentation on this error, please visit: https://www.seleniumhq.org/exceptions/no_such_element.html
Build info: version: &amp;apos;3.141.59&amp;apos;, revision: &amp;apos;e82be7d358&amp;apos;, time: &amp;apos;2018-11-14T08:17:03&amp;apos;
System info: host: &amp;apos;MAYA10&amp;apos;, ip: &amp;apos;10.1.1.182&amp;apos;, os.name: &amp;apos;Windows 10&amp;apos;, os.arch: &amp;apos;amd64&amp;apos;, os.version: &amp;apos;10.0&amp;apos;, java.version: &amp;apos;1.8.0_201&amp;apos;
Driver info: org.openqa.selenium.chrome.ChromeDriver
Capabilities {acceptInsecureCerts: false, browserName: chrome, browserVersion: 79.0.3945.130, chrome: {chromedriverVersion: 79.0.3945.36 (3582db32b3389..., userDataDir: C:\Users\MAYA~1.TZU\AppData...}, goog:chromeOptions: {debuggerAddress: localhost:52947}, javascriptEnabled: true, networkConnectionEnabled: false, pageLoadStrategy: normal, platform: WINDOWS, platformName: WINDOWS, proxy: Proxy(), setWindowRect: true, strictFileInteractability: false, timeouts: {implicit: 0, pageLoad: 300000, script: 30000}, unhandledPromptBehavior: dismiss and notify}
Session ID: 8e53a695983b2753bf0cb3f6bd59375b
*** Element info: {Using=css selector, value=.login}">
      <![CDATA[org.openqa.selenium.NoSuchElementException: no such element: Unable to locate element: {"method":"css selector","selector":".login"}
  (Session info: chrome=79.0.3945.130)
For documentation on this error, please visit: https://www.seleniumhq.org/exceptions/no_such_element.html
Build info: version: '3.141.59', revision: 'e82be7d358', time: '2018-11-14T08:17:03'
System info: host: 'MAYA10', ip: '10.1.1.182', os.name: 'Windows 10', os.arch: 'amd64', os.version: '10.0', java.version: '1.8.0_201'
Driver info: org.openqa.selenium.chrome.ChromeDriver
Capabilities {acceptInsecureCerts: false, browserName: chrome, browserVersion: 79.0.3945.130, chrome: {chromedriverVersion: 79.0.3945.36 (3582db32b3389..., userDataDir: C:\Users\MAYA~1.TZU\AppData...}, goog:chromeOptions: {debuggerAddress: localhost:52947}, javascriptEnabled: true, networkConnectionEnabled: false, pageLoadStrategy: normal, platform: WINDOWS, platformName: WINDOWS, proxy: Proxy(), setWindowRect: true, strictFileInteractability: false, timeouts: {implicit: 0, pageLoad: 300000, script: 30000}, unhandledPromptBehavior: dismiss and notify}
Session ID: 8e53a695983b2753bf0cb3f6bd59375b
*** Element info: {Using=css selector, value=.login}
at org.openqa.selenium.remote.http.W3CHttpResponseCodec.createException(W3CHttpResponseCodec.java:187)
at org.openqa.selenium.remote.http.W3CHttpResponseCodec.decode(W3CHttpResponseCodec.java:122)
at org.openqa.selenium.remote.http.W3CHttpResponseCodec.decode(W3CHttpResponseCodec.java:49)
at org.openqa.selenium.remote.HttpCommandExecutor.execute(HttpCommandExecutor.java:158)
at org.openqa.selenium.remote.service.DriverCommandExecutor.execute(DriverCommandExecutor.java:83)
at org.openqa.selenium.remote.RemoteWebDriver.execute(RemoteWebDriver.java:552)
at org.openqa.selenium.remote.RemoteWebDriver.findElement(RemoteWebDriver.java:323)
at org.openqa.selenium.remote.RemoteWebDriver.findElementByCssSelector(RemoteWebDriver.java:420)
at org.openqa.selenium.By$ByCssSelector.findElement(By.java:431)
at org.openqa.selenium.remote.RemoteWebDriver.findElement(RemoteWebDriver.java:315)
at org.openqa.selenium.support.pagefactory.DefaultElementLocator.findElement(DefaultElementLocator.java:69)
at org.openqa.selenium.support.pagefactory.internal.LocatingElementHandler.invoke(LocatingElementHandler.java:38)
at com.sun.proxy.$Proxy12.click(Unknown Source)
at pageobject.BasePage.click(BasePage.java:25)
at pageobject.HomePage.click(HomePage.java:9)
at pageobject.HomePage.openLoginPage(HomePage.java:28)
at tests.AnalyticsTest.t02_analyzePublished(AnalyticsTest.java:37)
... Removed 33 stack frames]]>
    </failure>
  </testcase> <!-- t02_analyzePublished -->
  <testcase name="changePassword" time="25.46" classname="tests.ChangePasswordTest"/>
  <testcase name="createNewProject" time="32.178" classname="tests.CreateProjectTest"/>
  <testcase name="createNewWorkspace" time="36.737" classname="tests.CreateWorkspaceTest"/>
  <testcase name="deleteProjectTest" time="59.224" classname="tests.DeleteProjectTest"/>
  <testcase name="getStartedforFree" time="6.671" classname="tests.HomePageTest"/>
  <testcase name="Login01_loginInvalid" time="7.526" classname="tests.LoginTest"/>
  <testcase name="Login02_loginCreateAccount" time="1.807" classname="tests.LoginTest"/>
  <testcase name="Login03_loginSucceed" time="8.54" classname="tests.LoginTest"/>
  <testcase name="editOrganization" time="35.296" classname="tests.OrganizationTest"/>
  <testcase name="openLogin" time="2.275" classname="tests.RegistrationTest"/>
  <testcase name="resetPassword" time="8.673" classname="tests.ResetPasswordTests"/>
  <testcase name="searchProject" time="17.541" classname="tests.SearchProjectTest">
    <failure type="java.lang.AssertionError" message="expected [First (copy)] but found [First]">
      <![CDATA[java.lang.AssertionError: expected [First (copy)] but found [First]
at tests.SearchProjectTest.searchProject(SearchProjectTest.java:28)
... Removed 35 stack frames]]>
    </failure>
  </testcase> <!-- searchProject -->
  <testcase name="upgradeYourAccount" time="10.403" classname="tests.UpgradeAccountTest"/>
</testsuite> <!-- Test -->
